<?xml version="1.0" encoding="UTF-8"?>
<!-- Generated by org.testng.reporters.JUnitReportReporter -->
<testsuite hostname="LAPTOP-VRF7QEJL" failures="0" tests="1" name="demo.Practice" time="0.013" errors="0" timestamp="2025-02-04T11:19:54 IST" skipped="0">
  <testcase classname="demo.Practice" name="sample" time="0.013"/>
</testsuite> <!-- demo.Practice -->
