<?xml version="1.0" encoding="UTF-8"?>
<!-- Generated by org.testng.reporters.JUnitReportReporter -->
<testsuite hostname="LAPTOP-VRF7QEJL" failures="0" tests="1" name="demo.Practice" time="0.007" errors="0" timestamp="2025-02-05T11:43:58 IST" skipped="0">
  <testcase classname="demo.Practice" name="sample" time="0.007"/>
</testsuite> <!-- demo.Practice -->
